# JRE version: Java(TM) SE Runtime Environment (8.0_221-b11) (build 1.8.0_221-b11)
# Java VM: Java HotSpot(TM) 64-Bit Server VM (25.221-b11 mixed mode windows-amd64 compressed oops)
Heap:
 PSYoungGen      total 266240K, used 193028K [0x00000000eb580000, 0x00000000fd280000, 0x0000000100000000)
  eden space 257024K, 75% used [0x00000000eb580000,0x00000000f7201398,0x00000000fb080000)
  from space 9216K, 0% used [0x00000000fc980000,0x00000000fc980000,0x00000000fd280000)
  to   space 17408K, 0% used [0x00000000fb080000,0x00000000fb080000,0x00000000fc180000)
 ParOldGen       total 62464K, used 25028K [0x00000000c2000000, 0x00000000c5d00000, 0x00000000eb580000)
  object space 62464K, 40% used [0x00000000c2000000,0x00000000c38711b8,0x00000000c5d00000)
 Metaspace       used 57185K, capacity 60628K, committed 60760K, reserved 1101824K
  class space    used 8063K, capacity 8672K, committed 8792K, reserved 1048576K
GC Heap History (10 events):
Event: 4.235 GC heap before
{Heap before GC invocations=11 (full 1):
 PSYoungGen      total 133632K, used 116391K [0x00000000eb580000, 0x00000000f8480000, 0x0000000100000000)
  eden space 125952K, 86% used [0x00000000eb580000,0x00000000f1fafcd0,0x00000000f3080000)
  from space 7680K, 99% used [0x00000000f3080000,0x00000000f37fa0f8,0x00000000f3800000)
  to   space 10240K, 0% used [0x00000000f7a80000,0x00000000f7a80000,0x00000000f8480000)
 ParOldGen       total 29696K, used 12851K [0x00000000c2000000, 0x00000000c3d00000, 0x00000000eb580000)
  object space 29696K, 43% used [0x00000000c2000000,0x00000000c2c8cf50,0x00000000c3d00000)
 Metaspace       used 33482K, capacity 35258K, committed 35416K, reserved 1079296K
  class space    used 4488K, capacity 4883K, committed 4952K, reserved 1048576K
Event: 4.249 GC heap after
Heap after GC invocations=11 (full 1):
 PSYoungGen      total 199168K, used 10225K [0x00000000eb580000, 0x00000000f8700000, 0x0000000100000000)
  eden space 188928K, 0% used [0x00000000eb580000,0x00000000eb580000,0x00000000f6e00000)
  from space 10240K, 99% used [0x00000000f7a80000,0x00000000f847c5a8,0x00000000f8480000)
  to   space 12800K, 0% used [0x00000000f6e00000,0x00000000f6e00000,0x00000000f7a80000)
 ParOldGen       total 29696K, used 15634K [0x00000000c2000000, 0x00000000c3d00000, 0x00000000eb580000)
  object space 29696K, 52% used [0x00000000c2000000,0x00000000c2f44b50,0x00000000c3d00000)
 Metaspace       used 33482K, capacity 35258K, committed 35416K, reserved 1079296K
  class space    used 4488K, capacity 4883K, committed 4952K, reserved 1048576K
}
Event: 4.249 GC heap before
{Heap before GC invocations=12 (full 2):
 PSYoungGen      total 199168K, used 10225K [0x00000000eb580000, 0x00000000f8700000, 0x0000000100000000)
  eden space 188928K, 0% used [0x00000000eb580000,0x00000000eb580000,0x00000000f6e00000)
  from space 10240K, 99% used [0x00000000f7a80000,0x00000000f847c5a8,0x00000000f8480000)
  to   space 12800K, 0% used [0x00000000f6e00000,0x00000000f6e00000,0x00000000f7a80000)
 ParOldGen       total 29696K, used 15634K [0x00000000c2000000, 0x00000000c3d00000, 0x00000000eb580000)
  object space 29696K, 52% used [0x00000000c2000000,0x00000000c2f44b50,0x00000000c3d00000)
 Metaspace       used 33482K, capacity 35258K, committed 35416K, reserved 1079296K
  class space    used 4488K, capacity 4883K, committed 4952K, reserved 1048576K
Event: 4.343 GC heap after
Heap after GC invocations=12 (full 2):
 PSYoungGen      total 199168K, used 0K [0x00000000eb580000, 0x00000000f8700000, 0x0000000100000000)
  eden space 188928K, 0% used [0x00000000eb580000,0x00000000eb580000,0x00000000f6e00000)
  from space 10240K, 0% used [0x00000000f7a80000,0x00000000f7a80000,0x00000000f8480000)
  to   space 12800K, 0% used [0x00000000f6e00000,0x00000000f6e00000,0x00000000f7a80000)
 ParOldGen       total 46080K, used 17954K [0x00000000c2000000, 0x00000000c4d00000, 0x00000000eb580000)
  object space 46080K, 38% used [0x00000000c2000000,0x00000000c3188878,0x00000000c4d00000)
 Metaspace       used 33482K, capacity 35258K, committed 35416K, reserved 1079296K
  class space    used 4488K, capacity 4883K, committed 4952K, reserved 1048576K
}
Event: 6.582 GC heap before
{Heap before GC invocations=13 (full 2):
 PSYoungGen      total 199168K, used 188928K [0x00000000eb580000, 0x00000000f8700000, 0x0000000100000000)
  eden space 188928K, 100% used [0x00000000eb580000,0x00000000f6e00000,0x00000000f6e00000)
  from space 10240K, 0% used [0x00000000f7a80000,0x00000000f7a80000,0x00000000f8480000)
  to   space 12800K, 0% used [0x00000000f6e00000,0x00000000f6e00000,0x00000000f7a80000)
 ParOldGen       total 46080K, used 17954K [0x00000000c2000000, 0x00000000c4d00000, 0x00000000eb580000)
  object space 46080K, 38% used [0x00000000c2000000,0x00000000c3188878,0x00000000c4d00000)
 Metaspace       used 51338K, capacity 54360K, committed 54488K, reserved 1095680K
  class space    used 7289K, capacity 7836K, committed 7896K, reserved 1048576K
Event: 6.604 GC heap after
Heap after GC invocations=13 (full 2):
 PSYoungGen      total 201728K, used 12796K [0x00000000eb580000, 0x00000000fdb80000, 0x0000000100000000)
  eden space 188928K, 0% used [0x00000000eb580000,0x00000000eb580000,0x00000000f6e00000)
  from space 12800K, 99% used [0x00000000f6e00000,0x00000000f7a7f3c8,0x00000000f7a80000)
  to   space 18432K, 0% used [0x00000000fc980000,0x00000000fc980000,0x00000000fdb80000)
 ParOldGen       total 46080K, used 27499K [0x00000000c2000000, 0x00000000c4d00000, 0x00000000eb580000)
  object space 46080K, 59% used [0x00000000c2000000,0x00000000c3adac78,0x00000000c4d00000)
 Metaspace       used 51338K, capacity 54360K, committed 54488K, reserved 1095680K
  class space    used 7289K, capacity 7836K, committed 7896K, reserved 1048576K
}
Event: 22.651 GC heap before
{Heap before GC invocations=14 (full 2):
 PSYoungGen      total 201728K, used 68563K [0x00000000eb580000, 0x00000000fdb80000, 0x0000000100000000)
  eden space 188928K, 29% used [0x00000000eb580000,0x00000000eebf5a78,0x00000000f6e00000)
  from space 12800K, 99% used [0x00000000f6e00000,0x00000000f7a7f3c8,0x00000000f7a80000)
  to   space 18432K, 0% used [0x00000000fc980000,0x00000000fc980000,0x00000000fdb80000)
 ParOldGen       total 46080K, used 27499K [0x00000000c2000000, 0x00000000c4d00000, 0x00000000eb580000)
  object space 46080K, 59% used [0x00000000c2000000,0x00000000c3adac78,0x00000000c4d00000)
 Metaspace       used 55842K, capacity 58998K, committed 59028K, reserved 1099776K
  class space    used 7838K, capacity 8407K, committed 8408K, reserved 1048576K
Event: 22.674 GC heap after
Heap after GC invocations=14 (full 2):
 PSYoungGen      total 266240K, used 4722K [0x00000000eb580000, 0x00000000fd280000, 0x0000000100000000)
  eden space 257024K, 0% used [0x00000000eb580000,0x00000000eb580000,0x00000000fb080000)
  from space 9216K, 51% used [0x00000000fc980000,0x00000000fce1cb88,0x00000000fd280000)
  to   space 17408K, 0% used [0x00000000fb080000,0x00000000fb080000,0x00000000fc180000)
 ParOldGen       total 46080K, used 35265K [0x00000000c2000000, 0x00000000c4d00000, 0x00000000eb580000)
  object space 46080K, 76% used [0x00000000c2000000,0x00000000c4270508,0x00000000c4d00000)
 Metaspace       used 55842K, capacity 58998K, committed 59028K, reserved 1099776K
  class space    used 7838K, capacity 8407K, committed 8408K, reserved 1048576K
}
Event: 22.674 GC heap before
{Heap before GC invocations=15 (full 3):
 PSYoungGen      total 266240K, used 4722K [0x00000000eb580000, 0x00000000fd280000, 0x0000000100000000)
  eden space 257024K, 0% used [0x00000000eb580000,0x00000000eb580000,0x00000000fb080000)
  from space 9216K, 51% used [0x00000000fc980000,0x00000000fce1cb88,0x00000000fd280000)
  to   space 17408K, 0% used [0x00000000fb080000,0x00000000fb080000,0x00000000fc180000)
 ParOldGen       total 46080K, used 35265K [0x00000000c2000000, 0x00000000c4d00000, 0x00000000eb580000)
  object space 46080K, 76% used [0x00000000c2000000,0x00000000c4270508,0x00000000c4d00000)
 Metaspace       used 55842K, capacity 58998K, committed 59028K, reserved 1099776K
  class space    used 7838K, capacity 8407K, committed 8408K, reserved 1048576K
Event: 22.822 GC heap after
Heap after GC invocations=15 (full 3):
 PSYoungGen      total 266240K, used 0K [0x00000000eb580000, 0x00000000fd280000, 0x0000000100000000)
  eden space 257024K, 0% used [0x00000000eb580000,0x00000000eb580000,0x00000000fb080000)
  from space 9216K, 0% used [0x00000000fc980000,0x00000000fc980000,0x00000000fd280000)
  to   space 17408K, 0% used [0x00000000fb080000,0x00000000fb080000,0x00000000fc180000)
 ParOldGen       total 62464K, used 25028K [0x00000000c2000000, 0x00000000c5d00000, 0x00000000eb580000)
  object space 62464K, 40% used [0x00000000c2000000,0x00000000c38711b8,0x00000000c5d00000)
 Metaspace       used 55842K, capacity 58998K, committed 59028K, reserved 1099776K
  class space    used 7838K, capacity 8407K, committed 8408K, reserved 1048576K
}

